[INFO] Scanning for projects...
[INFO] 
[INFO] ------------------< com.apnadukan:apna_dukan_backend >------------------
[INFO] Building apna_dukan_backend 0.0.1-SNAPSHOT
[INFO]   from pom.xml
[INFO] --------------------------------[ jar ]---------------------------------
[INFO] 
[INFO] --- clean:3.3.2:clean (default-clean) @ apna_dukan_backend ---
[INFO] Deleting E:\b2b\flutter\apna_dukan_backend\target
[INFO] 
[INFO] --- resources:3.3.1:resources (default-resources) @ apna_dukan_backend ---
[INFO] Copying 4 resources from src\main\resources to target\classes
[INFO] Copying 1 resource from src\main\resources to target\classes
[INFO] 
[INFO] --- compiler:3.11.0:compile (default-compile) @ apna_dukan_backend ---
[INFO] Nothing to compile - all classes are up to date
[INFO] 
[INFO] --- kotlin:1.9.25:compile (compile) @ apna_dukan_backend ---
[INFO] Applied plugin: 'spring'
[WARNING] Flag is not supported by this version of the compiler: -Xannotation-default-target=param-property
[ERROR] E:\b2b\flutter\apna_dukan_backend\src\main\kotlin\com\apnadukan\auth\security\JwtTokenProvider.kt: (26, 5) Unresolved reference: subject
[ERROR] E:\b2b\flutter\apna_dukan_backend\src\main\kotlin\com\apnadukan\auth\security\JwtTokenProvider.kt: (38, 6) Unresolved reference: verifyWith
[ERROR] E:\b2b\flutter\apna_dukan_backend\src\main\kotlin\com\apnadukan\auth\security\JwtTokenProvider.kt: (51, 5) Unresolved reference: verifyWith
[ERROR] E:\b2b\flutter\apna_dukan_backend\src\main\kotlin\com\apnadukan\auth\security\JwtTokenProvider.kt: (61, 5) Unresolved reference: verifyWith
[ERROR] E:\b2b\flutter\apna_dukan_backend\src\main\kotlin\com\apnadukan\auth\security\JwtTokenProvider.kt: (75, 5) Unresolved reference: verifyWith
[INFO] ------------------------------------------------------------------------
[INFO] BUILD FAILURE
[INFO] ------------------------------------------------------------------------
[INFO] Total time:  6.273 s
[INFO] Finished at: 2026-01-04T14:18:37+05:30
[INFO] ------------------------------------------------------------------------
[ERROR] Failed to execute goal org.jetbrains.kotlin:kotlin-maven-plugin:1.9.25:compile (compile) on project apna_dukan_backend: Compilation failure: Compilation failure: 
[ERROR] E:\b2b\flutter\apna_dukan_backend\src\main\kotlin\com\apnadukan\auth\security\JwtTokenProvider.kt:[26,5] Unresolved reference: subject
[ERROR] E:\b2b\flutter\apna_dukan_backend\src\main\kotlin\com\apnadukan\auth\security\JwtTokenProvider.kt:[38,6] Unresolved reference: verifyWith
[ERROR] E:\b2b\flutter\apna_dukan_backend\src\main\kotlin\com\apnadukan\auth\security\JwtTokenProvider.kt:[51,5] Unresolved reference: verifyWith
[ERROR] E:\b2b\flutter\apna_dukan_backend\src\main\kotlin\com\apnadukan\auth\security\JwtTokenProvider.kt:[61,5] Unresolved reference: verifyWith
[ERROR] E:\b2b\flutter\apna_dukan_backend\src\main\kotlin\com\apnadukan\auth\security\JwtTokenProvider.kt:[75,5] Unresolved reference: verifyWith
[ERROR] -> [Help 1]
[ERROR] 
[ERROR] To see the full stack trace of the errors, re-run Maven with the -e switch.
[ERROR] Re-run Maven using the -X switch to enable full debug logging.
[ERROR] 
[ERROR] For more information about the errors and possible solutions, please read the following articles:
[ERROR] [Help 1] http://cwiki.apache.org/confluence/display/MAVEN/MojoFailureException
